<?xml version="1.0" encoding="UTF-8"?>
<!-- Generated by org.testng.reporters.JUnitReportReporter -->
<testsuite hostname="DESKTOP-ANRTP66" failures="0" tests="1" name="Test.SanityTest" time="14.317" errors="0" timestamp="2020-09-06T18:58:00 IST" skipped="0">
  <testcase classname="Test.SanityTest" name="CheckElementsforOP" time="14.317"/>
  <system-out/>
</testsuite> <!-- Test.SanityTest -->
